#
# A fatal error has been detected by the Java Runtime Environment:
#
#  EXCEPTION_ACCESS_VIOLATION (0xc0000005) at pc=0x0000000056401980, pid=7444, tid=6932
#
# JRE version: Java(TM) SE Runtime Environment (8.0_77-b03) (build 1.8.0_77-b03)
# Java VM: Java HotSpot(TM) 64-Bit Server VM (25.77-b03 mixed mode windows-amd64 compressed oops)
# Problematic frame:
# C  0x0000000056401980
#
# Failed to write core dump. Minidumps are not enabled by default on client versions of Windows
#
# If you would like to submit a bug report, please visit:
#   http://bugreport.java.com/bugreport/crash.jsp
#

---------------  T H R E A D  ---------------

Current thread (0x0000000054dcd000):  JavaThread "C2 CompilerThread0" daemon [_thread_in_native, id=6932, stack(0x0000000055940000,0x0000000055a40000)]

siginfo: ExceptionCode=0xc0000005, ExceptionInformation=0x0000000000000008 0x0000000056401980

Registers:
RAX=0x0000000056ef7308, RBX=0x0000000000000002, RCX=0x00000000562bf0d8, RDX=0x0000000000000213
RSP=0x0000000055a3be68, RBP=0x0000000055a3bf70, RSI=0x0000000000000002, RDI=0x00000000565c4140
R8 =0x0000000000000000, R9 =0x0000000000000000, R10=0x0000000000000002, R11=0x0000000000000004
R12=0x00000000565c4150, R13=0x00000000572cac80, R14=0x0000000055a3c560, R15=0x00000000562bf0d8
RIP=0x0000000056401980, EFLAGS=0x0000000000010297

Top of Stack: (sp=0x0000000055a3be68)
0x0000000055a3be68:   000000006fa5cc2b 000000000000000e
0x0000000055a3be78:   00000000565c2bd0 00000000565c2be0
0x0000000055a3be88:   000000000000000e 00000000000004a5
0x0000000055a3be98:   000000006f9eae4c 0000000000000000
0x0000000055a3bea8:   000000000001c310 0000000055a3e8e0
0x0000000055a3beb8:   00000000000002a4 0000000000000002
0x0000000055a3bec8:   00000000565c4140 0000000000000002
0x0000000055a3bed8:   0000000000000002 0000000000000000
0x0000000055a3bee8:   0000000200000001 0000049c00000000
0x0000000055a3bef8:   0000000055a3c240 000000000000000f
0x0000000055a3bf08:   00000000563f0180 00000000562bf120
0x0000000055a3bf18:   0000049c00000001 0000000055a3c240
0x0000000055a3bf28:   000000000000000f 00000000563eef10
0x0000000055a3bf38:   000000000000036a 00000000572cac80
0x0000000055a3bf48:   0000000054df2070 ffffffffa9c0ba60
0x0000000055a3bf58:   00000000000003d8 0000000054df2448 

Instructions: (pc=0x0000000056401980)
0x0000000056401960:   58 c4 b2 6f 00 00 00 00 00 00 00 00 00 00 00 00
0x0000000056401970:   70 30 44 56 00 00 00 00 00 00 00 00 00 00 00 00
0x0000000056401980:   d8 bd b2 6f 00 00 00 00 75 06 00 00 00 00 00 00
0x0000000056401990:   d0 95 db 54 00 00 00 00 50 00 40 56 00 00 00 00 


Register to memory mapping:

RAX=0x0000000056ef7308 is an unknown value
RBX=0x0000000000000002 is an unknown value
RCX=0x00000000562bf0d8 is an unknown value
RDX=0x0000000000000213 is an unknown value
RSP=0x0000000055a3be68 is pointing into the stack for thread: 0x0000000054dcd000
RBP=0x0000000055a3bf70 is pointing into the stack for thread: 0x0000000054dcd000
RSI=0x0000000000000002 is an unknown value
RDI=0x00000000565c4140 is an unknown value
R8 =0x0000000000000000 is an unknown value
R9 =0x0000000000000000 is an unknown value
R10=0x0000000000000002 is an unknown value
R11=0x0000000000000004 is an unknown value
R12=0x00000000565c4150 is an unknown value
R13=0x00000000572cac80 is an unknown value
R14=0x0000000055a3c560 is pointing into the stack for thread: 0x0000000054dcd000
R15=0x00000000562bf0d8 is an unknown value


Stack: [0x0000000055940000,0x0000000055a40000],  sp=0x0000000055a3be68,  free space=1007k
Native frames: (J=compiled Java code, j=interpreted, Vv=VM code, C=native code)
C  0x0000000056401980


Current CompileTask:
C2:   1265  942   !   4       com.android.dx.rop.code.RegisterSpec::intern (70 bytes)


---------------  P R O C E S S  ---------------

Java Threads: ( => current thread )
  0x0000000056466800 JavaThread "pool-2-thread-4" [_thread_blocked, id=7396, stack(0x0000000056d50000,0x0000000056e50000)]
  0x0000000056466000 JavaThread "pool-2-thread-3" [_thread_in_Java, id=2216, stack(0x0000000056be0000,0x0000000056ce0000)]
  0x0000000056394800 JavaThread "pool-2-thread-2" [_thread_blocked, id=5608, stack(0x0000000056a70000,0x0000000056b70000)]
  0x000000005638d800 JavaThread "pool-3-thread-1" [_thread_blocked, id=5456, stack(0x0000000056850000,0x0000000056950000)]
  0x000000005638d000 JavaThread "pool-2-thread-1" [_thread_in_Java, id=7348, stack(0x00000000556b0000,0x00000000557b0000)]
  0x0000000054e2f800 JavaThread "Service Thread" daemon [_thread_blocked, id=7688, stack(0x0000000056010000,0x0000000056110000)]
  0x0000000054dec800 JavaThread "C1 CompilerThread1" daemon [_thread_blocked, id=7300, stack(0x0000000056150000,0x0000000056250000)]
=>0x0000000054dcd000 JavaThread "C2 CompilerThread0" daemon [_thread_in_native, id=6932, stack(0x0000000055940000,0x0000000055a40000)]
  0x0000000054dcb800 JavaThread "Attach Listener" daemon [_thread_blocked, id=4928, stack(0x0000000055f10000,0x0000000056010000)]
  0x0000000054dca000 JavaThread "Signal Dispatcher" daemon [_thread_blocked, id=7544, stack(0x0000000055d90000,0x0000000055e90000)]
  0x0000000054db2000 JavaThread "Finalizer" daemon [_thread_blocked, id=7072, stack(0x0000000055ba0000,0x0000000055ca0000)]
  0x0000000054d68800 JavaThread "Reference Handler" daemon [_thread_blocked, id=7636, stack(0x0000000055a50000,0x0000000055b50000)]
  0x00000000003ce000 JavaThread "main" [_thread_blocked, id=8152, stack(0x0000000002580000,0x0000000002680000)]

Other Threads:
  0x0000000054d5c800 VMThread [stack: 0x00000000557d0000,0x00000000558d0000] [id=7516]
  0x000000005626f000 WatcherThread [stack: 0x0000000056720000,0x0000000056820000] [id=8016]

VM state:not at safepoint (normal execution)

VM Mutex/Monitor currently owned by a thread: None

Heap:
 PSYoungGen      total 38400K, used 27975K [0x00000000eab00000, 0x00000000ed580000, 0x0000000100000000)
  eden space 33280K, 84% used [0x00000000eab00000,0x00000000ec651da8,0x00000000ecb80000)
  from space 5120K, 0% used [0x00000000ed080000,0x00000000ed080000,0x00000000ed580000)
  to   space 5120K, 0% used [0x00000000ecb80000,0x00000000ecb80000,0x00000000ed080000)
 ParOldGen       total 87552K, used 0K [0x00000000c0000000, 0x00000000c5580000, 0x00000000eab00000)
  object space 87552K, 0% used [0x00000000c0000000,0x00000000c0000000,0x00000000c5580000)
 Metaspace       used 5754K, capacity 6896K, committed 7040K, reserved 1056768K
  class space    used 586K, capacity 616K, committed 640K, reserved 1048576K

Card table byte_map: [0x0000000011d10000,0x0000000011f20000] byte_map_base: 0x0000000011710000

Marking Bits: (ParMarkBitMap*) 0x000000006fd60600
 Begin Bits: [0x0000000012230000, 0x0000000013230000)
 End Bits:   [0x0000000013230000, 0x0000000014230000)

Polling page: 0x0000000000340000

CodeCache: size=245760Kb used=4037Kb max_used=4037Kb free=241723Kb
 bounds [0x0000000002950000, 0x0000000002d50000, 0x0000000011950000]
 total_blobs=1289 nmethods=1029 adapters=175
 compilation: enabled

Compilation events (10 events):
Event: 1.241 Thread 0x0000000054dec800 1033       2       com.android.dx.cf.code.BaseMachine::popArgs (72 bytes)
Event: 1.242 Thread 0x0000000054dec800 nmethod 1033 0x0000000002d41e50 code [0x0000000002d42060, 0x0000000002d425c8]
Event: 1.242 Thread 0x0000000054dec800 1034       2       com.android.dx.rop.code.LocalItem::equals (29 bytes)
Event: 1.242 Thread 0x0000000054dec800 nmethod 1034 0x0000000002d42a90 code [0x0000000002d42c00, 0x0000000002d42ef8]
Event: 1.242 Thread 0x0000000054dec800 1035       2       com.android.dx.rop.code.RegisterSpec::withLocalItem (41 bytes)
Event: 1.243 Thread 0x0000000054dec800 nmethod 1035 0x0000000002d430d0 code [0x0000000002d43240, 0x0000000002d43498]
Event: 1.244 Thread 0x0000000054dec800 1036       2       com.android.dx.rop.code.PlainCstInsn::<init> (30 bytes)
Event: 1.244 Thread 0x0000000054dec800 nmethod 1036 0x0000000002d435d0 code [0x0000000002d43760, 0x0000000002d43a88]
Event: 1.244 Thread 0x0000000054dec800 1037       2       java.util.TreeMap$PrivateEntryIterator::hasNext (13 bytes)
Event: 1.244 Thread 0x0000000054dec800 nmethod 1037 0x0000000002d43c90 code [0x0000000002d43de0, 0x0000000002d43f50]

GC Heap History (0 events):
No events

Deoptimization events (10 events):
Event: 0.607 Thread 0x000000005638d000 Uncommon trap: reason=class_check action=maybe_recompile pc=0x0000000002b08248 method=com.android.dx.rop.cst.CstMemberRef.compareTo0(Lcom/android/dx/rop/cst/Constant;)I @ 1
Event: 0.610 Thread 0x0000000056466800 Uncommon trap: reason=class_check action=maybe_recompile pc=0x0000000002b08248 method=com.android.dx.rop.cst.CstMemberRef.compareTo0(Lcom/android/dx/rop/cst/Constant;)I @ 1
Event: 0.622 Thread 0x00000000003ce000 Uncommon trap: reason=unstable_if action=reinterpret pc=0x0000000002b7b09c method=java.util.HashMap.getNode(ILjava/lang/Object;)Ljava/util/HashMap$Node; @ 62
Event: 0.698 Thread 0x0000000056466800 Uncommon trap: reason=unstable_if action=reinterpret pc=0x0000000002b0ab90 method=com.android.dx.rop.cst.CstFieldRef.compareTo0(Lcom/android/dx/rop/cst/Constant;)I @ 7
Event: 0.889 Thread 0x00000000003ce000 Uncommon trap: reason=unstable_if action=reinterpret pc=0x0000000002ad158c method=java.lang.String.<init>([CII)V @ 18
Event: 1.006 Thread 0x0000000056466000 Uncommon trap: reason=unstable_if action=reinterpret pc=0x0000000002c91c70 method=com.android.dx.rop.code.RegisterSpec.equals(ILcom/android/dx/rop/type/TypeBearer;Lcom/android/dx/rop/code/LocalItem;)Z @ 16
Event: 1.012 Thread 0x0000000056466000 Uncommon trap: reason=unstable_if action=reinterpret pc=0x0000000002bf52f0 method=com.android.dx.rop.code.RegisterSpec.equals(ILcom/android/dx/rop/type/TypeBearer;Lcom/android/dx/rop/code/LocalItem;)Z @ 16
Event: 1.117 Thread 0x0000000056466000 Uncommon trap: reason=unloaded action=reinterpret pc=0x0000000002c88eb4 method=com.android.dx.ssa.SsaRenamer$BlockRenamer.visitMoveInsn(Lcom/android/dx/ssa/NormalSsaInsn;)V @ 208
Event: 1.121 Thread 0x0000000056466000 Uncommon trap: reason=unstable_if action=reinterpret pc=0x0000000002ca7aa0 method=com.android.dx.ssa.NormalSsaInsn.getLocalAssignment()Lcom/android/dx/rop/code/RegisterSpec; @ 12
Event: 1.159 Thread 0x0000000056466000 Uncommon trap: reason=class_check action=maybe_recompile pc=0x0000000002bef9e0 method=com.android.dx.ssa.NormalSsaInsn.accept(Lcom/android/dx/ssa/SsaInsn$Visitor;)V @ 9

Internal exceptions (2 events):
Event: 0.049 Thread 0x00000000003ce000 Exception <a 'java/lang/NoSuchMethodError': Method sun.misc.Unsafe.defineClass(Ljava/lang/String;[BII)Ljava/lang/Class; name or signature does not match> (0x00000000eab07cc0) thrown at [D:\re\workspace\8-2-build-windows-amd64-cygwin\jdk8u77\6540\hotspot\srÿì’2C©?
Event: 0.049 Thread 0x00000000003ce000 Exception <a 'java/lang/NoSuchMethodError': Method sun.misc.Unsafe.prefetchRead(Ljava/lang/Object;J)V name or signature does not match> (0x00000000eab07fa8) thrown at [D:\re\workspace\8-2-build-windows-amd64-cygwin\jdk8u77\6540\hotspot\src\share\vm\prims\j

Events (10 events):
Event: 1.203 loading class java/util/HashMap$Values
Event: 1.203 loading class java/util/HashMap$Values done
Event: 1.203 loading class java/util/HashMap$ValueIterator
Event: 1.203 loading class java/util/HashMap$ValueIterator done
Event: 1.238 Thread 0x0000000056466000 DEOPT PACKING pc=0x0000000002c6f28a sp=0x0000000056cded70
Event: 1.238 Thread 0x0000000056466000 DEOPT UNPACKING pc=0x00000000029971bf sp=0x0000000056cdeb50 mode 0
Event: 1.249 loading class com/android/dx/dex/file/MethodAnnotationStruct
Event: 1.249 loading class com/android/dx/dex/file/MethodAnnotationStruct done
Event: 1.249 loading class com/android/dx/dex/file/ParameterAnnotationStruct
Event: 1.249 loading class com/android/dx/dex/file/ParameterAnnotationStruct done


Dynamic libraries:
0x000000013f640000 - 0x000000013f677000 	C:\Program Files\Java\jdk1.8.0_77\bin\java.exe
0x0000000077b30000 - 0x0000000077cda000 	C:\Windows\SYSTEM32\ntdll.dll
0x0000000077a10000 - 0x0000000077b2f000 	C:\Windows\system32\kernel32.dll
0x000007fefd950000 - 0x000007fefd9bb000 	C:\Windows\system32\KERNELBASE.dll
0x000007fefe890000 - 0x000007fefe96b000 	C:\Windows\system32\ADVAPI32.dll
0x000007fefe030000 - 0x000007fefe0cf000 	C:\Windows\system32\msvcrt.dll
0x000007fefebf0000 - 0x000007fefec0f000 	C:\Windows\SYSTEM32\sechost.dll
0x000007fefdca0000 - 0x000007fefddcd000 	C:\Windows\system32\RPCRT4.dll
0x0000000077910000 - 0x0000000077a0a000 	C:\Windows\system32\USER32.dll
0x000007feffdd0000 - 0x000007feffe37000 	C:\Windows\system32\GDI32.dll
0x000007fefec10000 - 0x000007fefec1e000 	C:\Windows\system32\LPK.dll
0x000007fefec20000 - 0x000007fefecea000 	C:\Windows\system32\USP10.dll
0x000007fefc090000 - 0x000007fefc284000 	C:\Windows\WinSxS\amd64_microsoft.windows.common-controls_6595b64144ccf1df_6.0.7601.18837_none_fa3b1e3d17594757\COMCTL32.dll
0x000007fefe440000 - 0x000007fefe4b1000 	C:\Windows\system32\SHLWAPI.dll
0x000007fefe850000 - 0x000007fefe87e000 	C:\Windows\system32\IMM32.DLL
0x000007fefe6a0000 - 0x000007fefe7a9000 	C:\Windows\system32\MSCTF.dll
0x0000000078ed0000 - 0x0000000078fa2000 	C:\Program Files\Java\jdk1.8.0_77\jre\bin\msvcr100.dll
0x000000006f550000 - 0x000000006fde0000 	C:\Program Files\Java\jdk1.8.0_77\jre\bin\server\jvm.dll
0x000007fef8c40000 - 0x000007fef8c49000 	C:\Windows\system32\WSOCK32.dll
0x000007fefe650000 - 0x000007fefe69d000 	C:\Windows\system32\WS2_32.dll
0x000007fefe880000 - 0x000007fefe888000 	C:\Windows\system32\NSI.dll
0x000007fefb310000 - 0x000007fefb34b000 	C:\Windows\system32\WINMM.dll
0x000007fefcab0000 - 0x000007fefcabc000 	C:\Windows\system32\VERSION.dll
0x0000000077d00000 - 0x0000000077d07000 	C:\Windows\system32\PSAPI.DLL
0x00000000752c0000 - 0x00000000752cf000 	C:\Program Files\Java\jdk1.8.0_77\jre\bin\verify.dll
0x00000000746f0000 - 0x0000000074719000 	C:\Program Files\Java\jdk1.8.0_77\jre\bin\java.dll
0x0000000074bc0000 - 0x0000000074bd6000 	C:\Program Files\Java\jdk1.8.0_77\jre\bin\zip.dll
0x000007fefefc0000 - 0x000007feffd4a000 	C:\Windows\system32\SHELL32.dll
0x000007fefe0f0000 - 0x000007fefe2f3000 	C:\Windows\system32\ole32.dll
0x000007fefd8f0000 - 0x000007fefd8ff000 	C:\Windows\system32\profapi.dll
0x000007fef4c10000 - 0x000007fef4d35000 	C:\Windows\system32\dbghelp.dll

VM Arguments:
jvm_args: -Djava.awt.headless=true -Xmx1024M -Dfile.encoding=windows-1252 -Duser.country=US -Duser.language=en -Duser.variant 
java_command: com.android.dx.command.Main --dex --force-jumbo --num-threads=4 --multi-dex --output D:\AndroidStudioProjects\LiveStuff\app\build\intermediates\transforms\dex\debug\folders\1000\5\slice_2 D:\AndroidStudioProjects\LiveStuff\app\build\intermediates\transforms\instantRunSlicer\debug\folders\1\5\slice_2
java_class_path (initial): D:\DevanshuBackup\devanshuandroidsdk\build-tools\23.0.3\lib\dx.jar
Launcher Type: SUN_STANDARD

Environment Variables:
PATH=C:\ProgramData\Oracle\Java\javapath;C:\Windows\system32;C:\Windows;C:\Windows\System32\Wbem;C:\Windows\System32\WindowsPowerShell\v1.0\;C:\Program Files (x86)\Skype\Phone\
USERNAME=devanshu.kanik
OS=Windows_NT
PROCESSOR_IDENTIFIER=Intel64 Family 6 Model 15 Stepping 13, GenuineIntel



---------------  S Y S T E M  ---------------

OS: Windows 7 , 64 bit Build 7601 (6.1.7601.19160)

CPU:total 2 (2 cores per cpu, 1 threads per core) family 6 model 15 stepping 13, cmov, cx8, fxsr, mmx, sse, sse2, sse3, ssse3, tsc

Memory: 4k page, physical 8352888k(2807088k free), swap 16703940k(11033160k free)

vm_info: Java HotSpot(TM) 64-Bit Server VM (25.77-b03) for windows-amd64 JRE (1.8.0_77-b03), built on Mar 20 2016 22:01:33 by "java_re" with MS VC++ 10.0 (VS2010)

time: Tue Jun 28 15:52:36 2016
elapsed time: 1 seconds (0d 0h 0m 1s)

