#
# A fatal error has been detected by the Java Runtime Environment:
#
#  EXCEPTION_ACCESS_VIOLATION (0xc0000005) at pc=0x000000006f9a16e0, pid=1700, tid=4124
#
# JRE version: Java(TM) SE Runtime Environment (8.0_77-b03) (build 1.8.0_77-b03)
# Java VM: Java HotSpot(TM) 64-Bit Server VM (25.77-b03 mixed mode windows-amd64 compressed oops)
# Problematic frame:
# V  [jvm.dll+0x4516e0]
#
# Failed to write core dump. Minidumps are not enabled by default on client versions of Windows
#
# If you would like to submit a bug report, please visit:
#   http://bugreport.java.com/bugreport/crash.jsp
#

---------------  T H R E A D  ---------------

Current thread (0x0000000054b38800):  JavaThread "C2 CompilerThread0" daemon [_thread_in_native, id=4124, stack(0x0000000055e20000,0x0000000055f20000)]

siginfo: ExceptionCode=0xc0000005, reading address 0x0000000000000090

Registers:
RAX=0x0000000000000000, RBX=0x0000000057d69270, RCX=0x0000000057d69270, RDX=0x00000000582c6d80
RSP=0x0000000055f1c610, RBP=0x00000000000000f8, RSI=0x0000000057adf990, RDI=0x00000000578fa590
R8 =0x000000006f550000, R9 =0x0000000000000000, R10=0x00000000ffffffff, R11=0x0000000054b67660
R12=0x0000000000000008, R13=0x0000000000000020, R14=0x0000000057aee070, R15=0x0000000055f1c890
RIP=0x000000006f9a16e0, EFLAGS=0x0000000000010287

Top of Stack: (sp=0x0000000055f1c610)
0x0000000055f1c610:   00000000578fa590 0000000000000038
0x0000000055f1c620:   00000000000000f8 0000000055f1c890
0x0000000055f1c630:   00000000582c6d80 000000006f9a0958
0x0000000055f1c640:   0000000057aee070 0000000000000020
0x0000000055f1c650:   00000000564ad9a0 0000000055f1ec10
0x0000000055f1c660:   0000000058135950 00000000578fa590
0x0000000055f1c670:   0000000055f1c6f8 000000006f9a1c6f
0x0000000055f1c680:   0000000000000040 000000005807e270
0x0000000055f1c690:   00000000000000f8 0000000057adf990
0x0000000055f1c6a0:   0000000054acc670 0000000057adf990
0x0000000055f1c6b0:   0000000054acc670 00000000000001f0
0x0000000055f1c6c0:   00000000000007c0 0000000000000200
0x0000000055f1c6d0:   0000000054acc670 00000000582bfae0
0x0000000055f1c6e0:   0000000000000089 0000000054b38800
0x0000000055f1c6f0:   0000000057ae5bb0 000000006fb296f8
0x0000000055f1c700:   0000000055f1ec10 0000000000000001 

Instructions: (pc=0x000000006f9a16e0)
0x000000006f9a16c0:   4c 24 70 4c 89 74 24 30 44 3b 60 18 73 0a 48 8b
0x000000006f9a16d0:   40 20 48 8b 1c 01 eb 02 33 db 48 8b 03 48 8b cb
0x000000006f9a16e0:   ff 90 90 00 00 00 48 85 c0 74 46 48 8b 03 48 8b
0x000000006f9a16f0:   cb ff 90 90 00 00 00 44 0f b7 5b 2c 41 0f b6 c3 


Register to memory mapping:

RAX=0x0000000000000000 is an unknown value
RBX=0x0000000057d69270 is an unknown value
RCX=0x0000000057d69270 is an unknown value
RDX=0x00000000582c6d80 is an unknown value
RSP=0x0000000055f1c610 is pointing into the stack for thread: 0x0000000054b38800
RBP=0x00000000000000f8 is an unknown value
RSI=0x0000000057adf990 is an unknown value
RDI=0x00000000578fa590 is an unknown value
R8 =0x000000006f550000 is an unknown value
R9 =0x0000000000000000 is an unknown value
R10=0x00000000ffffffff is an unallocated location in the heap
R11=0x0000000054b67660 is an unknown value
R12=0x0000000000000008 is an unknown value
R13=0x0000000000000020 is an unknown value
R14=0x0000000057aee070 is an unknown value
R15=0x0000000055f1c890 is pointing into the stack for thread: 0x0000000054b38800


Stack: [0x0000000055e20000,0x0000000055f20000],  sp=0x0000000055f1c610,  free space=1009k
Native frames: (J=compiled Java code, j=interpreted, Vv=VM code, C=native code)
V  [jvm.dll+0x4516e0]
V  [jvm.dll+0x451c6f]
V  [jvm.dll+0x4f5254]
V  [jvm.dll+0x46ded2]
V  [jvm.dll+0x4703b2]
V  [jvm.dll+0x453492]
V  [jvm.dll+0xa4ae2]
V  [jvm.dll+0xa541f]
V  [jvm.dll+0x243434]
V  [jvm.dll+0x29a27a]
C  [msvcr100.dll+0x21d9f]
C  [msvcr100.dll+0x21e3b]
C  [kernel32.dll+0x159ed]
C  [ntdll.dll+0x2b371]


Current CompileTask:
C2:  13693 1819   !   4       com.android.dx.cf.code.Ropper::processBlock (1101 bytes)


---------------  P R O C E S S  ---------------

Java Threads: ( => current thread )
  0x00000000563d9000 JavaThread "pool-2-thread-4" [_thread_blocked, id=6152, stack(0x0000000057010000,0x0000000057110000)]
  0x0000000056419000 JavaThread "pool-2-thread-3" [_thread_blocked, id=5268, stack(0x0000000056eb0000,0x0000000056fb0000)]
  0x000000005640f000 JavaThread "pool-2-thread-2" [_thread_blocked, id=6992, stack(0x0000000056d30000,0x0000000056e30000)]
  0x00000000564dd800 JavaThread "pool-3-thread-1" [_thread_blocked, id=1384, stack(0x0000000056ae0000,0x0000000056be0000)]
  0x00000000564da800 JavaThread "pool-2-thread-1" [_thread_blocked, id=3416, stack(0x00000000568b0000,0x00000000569b0000)]
  0x0000000054b44000 JavaThread "Service Thread" daemon [_thread_blocked, id=5652, stack(0x00000000560d0000,0x00000000561d0000)]
  0x0000000054b40000 JavaThread "C1 CompilerThread1" daemon [_thread_blocked, id=5740, stack(0x0000000055f50000,0x0000000056050000)]
=>0x0000000054b38800 JavaThread "C2 CompilerThread0" daemon [_thread_in_native, id=4124, stack(0x0000000055e20000,0x0000000055f20000)]
  0x0000000054b37000 JavaThread "Attach Listener" daemon [_thread_blocked, id=5956, stack(0x0000000055cc0000,0x0000000055dc0000)]
  0x0000000054b35000 JavaThread "Signal Dispatcher" daemon [_thread_blocked, id=248, stack(0x0000000055b40000,0x0000000055c40000)]
  0x0000000054b1e800 JavaThread "Finalizer" daemon [_thread_blocked, id=6708, stack(0x00000000559c0000,0x0000000055ac0000)]
  0x0000000054ad5000 JavaThread "Reference Handler" daemon [_thread_blocked, id=6672, stack(0x00000000556e0000,0x00000000557e0000)]
  0x000000000221e000 JavaThread "main" [_thread_blocked, id=6664, stack(0x0000000002250000,0x0000000002350000)]

Other Threads:
  0x0000000054acd000 VMThread [stack: 0x0000000055580000,0x0000000055680000] [id=2312]
  0x00000000561e4800 WatcherThread [stack: 0x00000000566d0000,0x00000000567d0000] [id=5040]

VM state:not at safepoint (normal execution)

VM Mutex/Monitor currently owned by a thread: None

Heap:
 PSYoungGen      total 71680K, used 28211K [0x00000000eab00000, 0x00000000ef600000, 0x0000000100000000)
  eden space 66560K, 34% used [0x00000000eab00000,0x00000000ec190fc0,0x00000000eec00000)
  from space 5120K, 99% used [0x00000000ef100000,0x00000000ef5fc038,0x00000000ef600000)
  to   space 5120K, 0% used [0x00000000eec00000,0x00000000eec00000,0x00000000ef100000)
 ParOldGen       total 87552K, used 17082K [0x00000000c0000000, 0x00000000c5580000, 0x00000000eab00000)
  object space 87552K, 19% used [0x00000000c0000000,0x00000000c10aebf0,0x00000000c5580000)
 Metaspace       used 6255K, capacity 7090K, committed 7296K, reserved 1056768K
  class space    used 597K, capacity 618K, committed 640K, reserved 1048576K

Card table byte_map: [0x00000000119e0000,0x0000000011bf0000] byte_map_base: 0x00000000113e0000

Marking Bits: (ParMarkBitMap*) 0x000000006fd60600
 Begin Bits: [0x0000000011fa0000, 0x0000000012fa0000)
 End Bits:   [0x0000000012fa0000, 0x0000000013fa0000)

Polling page: 0x0000000000230000

CodeCache: size=245760Kb used=7778Kb max_used=7778Kb free=237981Kb
 bounds [0x0000000002620000, 0x0000000002dc0000, 0x0000000011620000]
 total_blobs=2054 nmethods=1785 adapters=181
 compilation: enabled

Compilation events (10 events):
Event: 12.963 Thread 0x0000000054b40000 1832       2       java.util.concurrent.FutureTask::finishCompletion (74 bytes)
Event: 12.963 Thread 0x0000000054b40000 nmethod 1832 0x0000000002d66090 code [0x0000000002d66200, 0x0000000002d66528]
Event: 12.982 Thread 0x0000000054b40000 1833   !   2       com.android.dx.rop.cst.CstType::intern (48 bytes)
Event: 12.983 Thread 0x0000000054b40000 nmethod 1833 0x0000000002d94dd0 code [0x0000000002d94f80, 0x0000000002d95468]
Event: 13.295 Thread 0x0000000054b40000 1834       2       com.android.dx.dex.code.RopTranslator$TranslationVisitor::visitPlainInsn (161 bytes)
Event: 13.296 Thread 0x0000000054b40000 nmethod 1834 0x0000000002da89d0 code [0x0000000002da8be0, 0x0000000002da9218]
Event: 13.364 Thread 0x0000000054b40000 1835       2       com.android.dx.rop.annotation.Annotation::put (32 bytes)
Event: 13.365 Thread 0x0000000054b40000 nmethod 1835 0x0000000002d94690 code [0x0000000002d94820, 0x0000000002d94b28]
Event: 13.368 Thread 0x0000000054b40000 1836       2       com.android.dx.rop.cst.CstType::getType (4 bytes)
Event: 13.368 Thread 0x0000000054b40000 nmethod 1836 0x0000000002d6b610 code [0x0000000002d6b760, 0x0000000002d6b8b0]

GC Heap History (8 events):
Event: 2.699 GC heap before
{Heap before GC invocations=1 (full 0):
 PSYoungGen      total 38400K, used 33280K [0x00000000eab00000, 0x00000000ed580000, 0x0000000100000000)
  eden space 33280K, 100% used [0x00000000eab00000,0x00000000ecb80000,0x00000000ecb80000)
  from space 5120K, 0% used [0x00000000ed080000,0x00000000ed080000,0x00000000ed580000)
  to   space 5120K, 0% used [0x00000000ecb80000,0x00000000ecb80000,0x00000000ed080000)
 ParOldGen       total 87552K, used 0K [0x00000000c0000000, 0x00000000c5580000, 0x00000000eab00000)
  object space 87552K, 0% used [0x00000000c0000000,0x00000000c0000000,0x00000000c5580000)
 Metaspace       used 5961K, capacity 6896K, committed 7040K, reserved 1056768K
  class space    used 593K, capacity 616K, committed 640K, reserved 1048576K
Event: 2.720 GC heap after
Heap after GC invocations=1 (full 0):
 PSYoungGen      total 38400K, used 5095K [0x00000000eab00000, 0x00000000ed580000, 0x0000000100000000)
  eden space 33280K, 0% used [0x00000000eab00000,0x00000000eab00000,0x00000000ecb80000)
  from space 5120K, 99% used [0x00000000ecb80000,0x00000000ed079ca8,0x00000000ed080000)
  to   space 5120K, 0% used [0x00000000ed080000,0x00000000ed080000,0x00000000ed580000)
 ParOldGen       total 87552K, used 2023K [0x00000000c0000000, 0x00000000c5580000, 0x00000000eab00000)
  object space 87552K, 2% used [0x00000000c0000000,0x00000000c01f9ec8,0x00000000c5580000)
 Metaspace       used 5961K, capacity 6896K, committed 7040K, reserved 1056768K
  class space    used 593K, capacity 616K, committed 640K, reserved 1048576K
}
Event: 4.534 GC heap before
{Heap before GC invocations=2 (full 0):
 PSYoungGen      total 38400K, used 38375K [0x00000000eab00000, 0x00000000ed580000, 0x0000000100000000)
  eden space 33280K, 100% used [0x00000000eab00000,0x00000000ecb80000,0x00000000ecb80000)
  from space 5120K, 99% used [0x00000000ecb80000,0x00000000ed079ca8,0x00000000ed080000)
  to   space 5120K, 0% used [0x00000000ed080000,0x00000000ed080000,0x00000000ed580000)
 ParOldGen       total 87552K, used 2023K [0x00000000c0000000, 0x00000000c5580000, 0x00000000eab00000)
  object space 87552K, 2% used [0x00000000c0000000,0x00000000c01f9ec8,0x00000000c5580000)
 Metaspace       used 6114K, capacity 7026K, committed 7296K, reserved 1056768K
  class space    used 596K, capacity 618K, committed 640K, reserved 1048576K
Event: 4.578 GC heap after
Heap after GC invocations=2 (full 0):
 PSYoungGen      total 38400K, used 5088K [0x00000000eab00000, 0x00000000ef600000, 0x0000000100000000)
  eden space 33280K, 0% used [0x00000000eab00000,0x00000000eab00000,0x00000000ecb80000)
  from space 5120K, 99% used [0x00000000ed080000,0x00000000ed578028,0x00000000ed580000)
  to   space 5120K, 0% used [0x00000000ecb80000,0x00000000ecb80000,0x00000000ed080000)
 ParOldGen       total 87552K, used 6967K [0x00000000c0000000, 0x00000000c5580000, 0x00000000eab00000)
  object space 87552K, 7% used [0x00000000c0000000,0x00000000c06cdc30,0x00000000c5580000)
 Metaspace       used 6114K, capacity 7026K, committed 7296K, reserved 1056768K
  class space    used 596K, capacity 618K, committed 640K, reserved 1048576K
}
Event: 5.377 GC heap before
{Heap before GC invocations=3 (full 0):
 PSYoungGen      total 38400K, used 38368K [0x00000000eab00000, 0x00000000ef600000, 0x0000000100000000)
  eden space 33280K, 100% used [0x00000000eab00000,0x00000000ecb80000,0x00000000ecb80000)
  from space 5120K, 99% used [0x00000000ed080000,0x00000000ed578028,0x00000000ed580000)
  to   space 5120K, 0% used [0x00000000ecb80000,0x00000000ecb80000,0x00000000ed080000)
 ParOldGen       total 87552K, used 6967K [0x00000000c0000000, 0x00000000c5580000, 0x00000000eab00000)
  object space 87552K, 7% used [0x00000000c0000000,0x00000000c06cdc30,0x00000000c5580000)
 Metaspace       used 6209K, capacity 7090K, committed 7296K, reserved 1056768K
  class space    used 597K, capacity 618K, committed 640K, reserved 1048576K
Event: 5.428 GC heap after
Heap after GC invocations=3 (full 0):
 PSYoungGen      total 38400K, used 5104K [0x00000000eab00000, 0x00000000ef600000, 0x0000000100000000)
  eden space 33280K, 0% used [0x00000000eab00000,0x00000000eab00000,0x00000000ecb80000)
  from space 5120K, 99% used [0x00000000ecb80000,0x00000000ed07c038,0x00000000ed080000)
  to   space 5120K, 0% used [0x00000000ef100000,0x00000000ef100000,0x00000000ef600000)
 ParOldGen       total 87552K, used 12056K [0x00000000c0000000, 0x00000000c5580000, 0x00000000eab00000)
  object space 87552K, 13% used [0x00000000c0000000,0x00000000c0bc62a8,0x00000000c5580000)
 Metaspace       used 6209K, capacity 7090K, committed 7296K, reserved 1056768K
  class space    used 597K, capacity 618K, committed 640K, reserved 1048576K
}
Event: 9.908 GC heap before
{Heap before GC invocations=4 (full 0):
 PSYoungGen      total 38400K, used 38384K [0x00000000eab00000, 0x00000000ef600000, 0x0000000100000000)
  eden space 33280K, 100% used [0x00000000eab00000,0x00000000ecb80000,0x00000000ecb80000)
  from space 5120K, 99% used [0x00000000ecb80000,0x00000000ed07c038,0x00000000ed080000)
  to   space 5120K, 0% used [0x00000000ef100000,0x00000000ef100000,0x00000000ef600000)
 ParOldGen       total 87552K, used 12056K [0x00000000c0000000, 0x00000000c5580000, 0x00000000eab00000)
  object space 87552K, 13% used [0x00000000c0000000,0x00000000c0bc62a8,0x00000000c5580000)
 Metaspace       used 6238K, capacity 7090K, committed 7296K, reserved 1056768K
  class space    used 597K, capacity 618K, committed 640K, reserved 1048576K
Event: 9.961 GC heap after
Heap after GC invocations=4 (full 0):
 PSYoungGen      total 71680K, used 5104K [0x00000000eab00000, 0x00000000ef600000, 0x0000000100000000)
  eden space 66560K, 0% used [0x00000000eab00000,0x00000000eab00000,0x00000000eec00000)
  from space 5120K, 99% used [0x00000000ef100000,0x00000000ef5fc038,0x00000000ef600000)
  to   space 5120K, 0% used [0x00000000eec00000,0x00000000eec00000,0x00000000ef100000)
 ParOldGen       total 87552K, used 17082K [0x00000000c0000000, 0x00000000c5580000, 0x00000000eab00000)
  object space 87552K, 19% used [0x00000000c0000000,0x00000000c10aebf0,0x00000000c5580000)
 Metaspace       used 6238K, capacity 7090K, committed 7296K, reserved 1056768K
  class space    used 597K, capacity 618K, committed 640K, reserved 1048576K
}

Deoptimization events (10 events):
Event: 4.345 Thread 0x0000000056419000 Uncommon trap: reason=unstable_if action=reinterpret pc=0x0000000002b79c88 method=com.android.dx.cf.code.ByteCatchList.listFor(I)Lcom/android/dx/cf/code/ByteCatchList; @ 19
Event: 4.348 Thread 0x0000000056419000 Uncommon trap: reason=unstable_if action=reinterpret pc=0x0000000002a2a8f0 method=com.android.dx.util.LabeledList.set(ILcom/android/dx/util/LabeledItem;)V @ 16
Event: 4.477 Thread 0x0000000056419000 Uncommon trap: reason=bimorphic action=maybe_recompile pc=0x00000000028f3bdc method=java.util.HashMap.getNode(ILjava/lang/Object;)Ljava/util/HashMap$Node; @ 126
Event: 4.477 Thread 0x0000000056419000 Uncommon trap: reason=bimorphic action=maybe_recompile pc=0x00000000028f3bdc method=java.util.HashMap.getNode(ILjava/lang/Object;)Ljava/util/HashMap$Node; @ 126
Event: 4.519 Thread 0x0000000056419000 Uncommon trap: reason=bimorphic action=maybe_recompile pc=0x00000000028f3bdc method=java.util.HashMap.getNode(ILjava/lang/Object;)Ljava/util/HashMap$Node; @ 126
Event: 4.764 Thread 0x0000000056419000 Uncommon trap: reason=unstable_if action=reinterpret pc=0x0000000002bd50f0 method=com.android.dx.ssa.SCCP.simulateBranch(Lcom/android/dx/ssa/SsaInsn;)V @ 548
Event: 5.239 Thread 0x000000000221e000 Uncommon trap: reason=unstable_if action=reinterpret pc=0x0000000002b17724 method=com.android.dx.rop.cst.StdConstantPool.set(ILcom/android/dx/rop/cst/Constant;)V @ 12
Event: 5.280 Thread 0x00000000563d9000 Uncommon trap: reason=bimorphic action=maybe_recompile pc=0x0000000002851c90 method=java.util.HashMap.getNode(ILjava/lang/Object;)Ljava/util/HashMap$Node; @ 126
Event: 5.282 Thread 0x00000000563d9000 Uncommon trap: reason=unstable_if action=reinterpret pc=0x0000000002ba061c method=com.android.dx.ssa.SCCP.simulateStmt(Lcom/android/dx/ssa/SsaInsn;)V @ 53
Event: 13.294 Thread 0x000000005640f000 Uncommon trap: reason=unstable_if action=reinterpret pc=0x0000000002bbd2e0 method=com.android.dx.rop.code.RegisterSpecList.withFirst(Lcom/android/dx/rop/code/RegisterSpec;)Lcom/android/dx/rop/code/RegisterSpecList; @ 55

Internal exceptions (3 events):
Event: 0.075 Thread 0x000000000221e000 Exception <a 'java/lang/NoSuchMethodError': Method sun.misc.Unsafe.defineClass(Ljava/lang/String;[BII)Ljava/lang/Class; name or signature does not match> (0x00000000eab07cc0) thrown at [D:\re\workspace\8-2-build-windows-amd64-cygwin\jdk8u77\6540\hotspot\sr%._Ùû>³?
Event: 0.075 Thread 0x000000000221e000 Exception <a 'java/lang/NoSuchMethodError': Method sun.misc.Unsafe.prefetchRead(Ljava/lang/Object;J)V name or signature does not match> (0x00000000eab07fa8) thrown at [D:\re\workspace\8-2-build-windows-amd64-cygwin\jdk8u77\6540\hotspot\src\share\vm\prims\j»ñíûý@
Event: 2.249 Thread 0x000000005640f000 Implicit null exception at 0x00000000029c05d2 to 0x00000000029c0671

Events (10 events):
Event: 7.727 Thread 0x000000005640f000 DEOPT UNPACKING pc=0x00000000026671bf sp=0x0000000056e2e670 mode 0
Event: 7.737 Thread 0x000000005640f000 DEOPT PACKING pc=0x0000000002c745b9 sp=0x0000000056e2ed00
Event: 7.737 Thread 0x000000005640f000 DEOPT UNPACKING pc=0x00000000026671bf sp=0x0000000056e2eaf8 mode 0
Event: 9.908 Executing VM operation: ParallelGCFailedAllocation
Event: 9.961 Executing VM operation: ParallelGCFailedAllocation done
Event: 12.099 Thread 0x000000005640f000 DEOPT PACKING pc=0x0000000002a60943 sp=0x0000000056e2e7e0
Event: 12.099 Thread 0x000000005640f000 DEOPT UNPACKING pc=0x00000000026671bf sp=0x0000000056e2e560 mode 0
Event: 13.294 Thread 0x000000005640f000 Uncommon trap: trap_request=0xffffff65 fr.pc=0x0000000002bbd2e0
Event: 13.294 Thread 0x000000005640f000 DEOPT PACKING pc=0x0000000002bbd2e0 sp=0x0000000056e2e780
Event: 13.294 Thread 0x000000005640f000 DEOPT UNPACKING pc=0x000000000266556a sp=0x0000000056e2e5b0 mode 2


Dynamic libraries:
0x000000013f640000 - 0x000000013f677000 	C:\Program Files\Java\jdk1.8.0_77\bin\java.exe
0x0000000077b30000 - 0x0000000077cda000 	C:\Windows\SYSTEM32\ntdll.dll
0x0000000077a10000 - 0x0000000077b2f000 	C:\Windows\system32\kernel32.dll
0x000007fefd950000 - 0x000007fefd9bb000 	C:\Windows\system32\KERNELBASE.dll
0x000007fefe890000 - 0x000007fefe96b000 	C:\Windows\system32\ADVAPI32.dll
0x000007fefe030000 - 0x000007fefe0cf000 	C:\Windows\system32\msvcrt.dll
0x000007fefebf0000 - 0x000007fefec0f000 	C:\Windows\SYSTEM32\sechost.dll
0x000007fefdca0000 - 0x000007fefddcd000 	C:\Windows\system32\RPCRT4.dll
0x0000000077910000 - 0x0000000077a0a000 	C:\Windows\system32\USER32.dll
0x000007feffdd0000 - 0x000007feffe37000 	C:\Windows\system32\GDI32.dll
0x000007fefec10000 - 0x000007fefec1e000 	C:\Windows\system32\LPK.dll
0x000007fefec20000 - 0x000007fefecea000 	C:\Windows\system32\USP10.dll
0x000007fefc090000 - 0x000007fefc284000 	C:\Windows\WinSxS\amd64_microsoft.windows.common-controls_6595b64144ccf1df_6.0.7601.18837_none_fa3b1e3d17594757\COMCTL32.dll
0x000007fefe440000 - 0x000007fefe4b1000 	C:\Windows\system32\SHLWAPI.dll
0x000007fefe850000 - 0x000007fefe87e000 	C:\Windows\system32\IMM32.DLL
0x000007fefe6a0000 - 0x000007fefe7a9000 	C:\Windows\system32\MSCTF.dll
0x0000000078ed0000 - 0x0000000078fa2000 	C:\Program Files\Java\jdk1.8.0_77\jre\bin\msvcr100.dll
0x000000006f550000 - 0x000000006fde0000 	C:\Program Files\Java\jdk1.8.0_77\jre\bin\server\jvm.dll
0x000007fef8c40000 - 0x000007fef8c49000 	C:\Windows\system32\WSOCK32.dll
0x000007fefe650000 - 0x000007fefe69d000 	C:\Windows\system32\WS2_32.dll
0x000007fefe880000 - 0x000007fefe888000 	C:\Windows\system32\NSI.dll
0x000007fefb310000 - 0x000007fefb34b000 	C:\Windows\system32\WINMM.dll
0x000007fefcab0000 - 0x000007fefcabc000 	C:\Windows\system32\VERSION.dll
0x0000000077d00000 - 0x0000000077d07000 	C:\Windows\system32\PSAPI.DLL
0x00000000752c0000 - 0x00000000752cf000 	C:\Program Files\Java\jdk1.8.0_77\jre\bin\verify.dll
0x00000000746f0000 - 0x0000000074719000 	C:\Program Files\Java\jdk1.8.0_77\jre\bin\java.dll
0x0000000074bc0000 - 0x0000000074bd6000 	C:\Program Files\Java\jdk1.8.0_77\jre\bin\zip.dll
0x000007fefefc0000 - 0x000007feffd4a000 	C:\Windows\system32\SHELL32.dll
0x000007fefe0f0000 - 0x000007fefe2f3000 	C:\Windows\system32\ole32.dll
0x000007fefd8f0000 - 0x000007fefd8ff000 	C:\Windows\system32\profapi.dll
0x000007fef4c10000 - 0x000007fef4d35000 	C:\Windows\system32\dbghelp.dll

VM Arguments:
jvm_args: -Djava.awt.headless=true -Xmx1024M -Dfile.encoding=windows-1252 -Duser.country=US -Duser.language=en -Duser.variant 
java_command: com.android.dx.command.Main --dex --force-jumbo --num-threads=4 --multi-dex --output D:\AndroidStudioProjects\LiveStuff\app\build\intermediates\transforms\dex\debug\folders\1000\10\com.google.android.gms-play-services-fitness-9.0.1_18c135c5093bdcf32987e335c13916705af20226 D:\AndroidStudioProjects\LiveStuff\app\build\intermediates\exploded-aar\com.google.android.gms\play-services-fitness\9.0.1\jars\classes.jar
java_class_path (initial): D:\DevanshuBackup\devanshuandroidsdk\build-tools\23.0.3\lib\dx.jar
Launcher Type: SUN_STANDARD

Environment Variables:
PATH=C:\ProgramData\Oracle\Java\javapath;C:\Windows\system32;C:\Windows;C:\Windows\System32\Wbem;C:\Windows\System32\WindowsPowerShell\v1.0\;C:\Program Files (x86)\Skype\Phone\
USERNAME=devanshu.kanik
OS=Windows_NT
PROCESSOR_IDENTIFIER=Intel64 Family 6 Model 15 Stepping 13, GenuineIntel



---------------  S Y S T E M  ---------------

OS: Windows 7 , 64 bit Build 7601 (6.1.7601.19160)

CPU:total 2 (2 cores per cpu, 1 threads per core) family 6 model 15 stepping 13, cmov, cx8, fxsr, mmx, sse, sse2, sse3, ssse3, tsc

Memory: 4k page, physical 8352888k(2864520k free), swap 16703940k(10916180k free)

vm_info: Java HotSpot(TM) 64-Bit Server VM (25.77-b03) for windows-amd64 JRE (1.8.0_77-b03), built on Mar 20 2016 22:01:33 by "java_re" with MS VC++ 10.0 (VS2010)

time: Tue Jun 28 14:49:40 2016
elapsed time: 13 seconds (0d 0h 0m 13s)

